^ 103 : 5 9.4501 33.6 9.4501 (2016 - )
^ 105 : 4 3.1964 39.529411764705884 3.1964 (2017 - )
^ 106 : 4 4.8013 37.333333333333336 4.8013 (2017 - )
^ 113 : 2 2.895 103.38461538461539 2.895 (2013 - 2014)
^ 116 : 2 3.7403 134.4 3.7403 (2015 - 2016)
^ 118 : 2 2.9891 168.0 2.9891 (2015 - 2016)
^ 121 : 5 4.0917 14.297872340425531 4.0917 (2016 - )
^ 124 : 7 3.3335 67.2 3.3335 (2008 - 2014)
^ 135 : 2 2.9891 168.0 2.9891 (2015 - 2016)
^ 158 : 4 2.7121 224.0 2.7121 (2017 - )
^ 165 : 4 3.4716 192.0 3.4716 (2009 - 2012)
^ 176 : 4 4.1197 13.714285714285714 4.1197 (2017 - )
^ 179 : 5 6.4375 37.333333333333336 6.4375 (2016 - )
^ 181 : 4 3.5647 122.18181818181819 3.5647 (2011 - 2014)
^ 182 : 3 3.8074 89.6 3.8074 (2014 - 2016)
^ 184 : 2 2.9159 224.0 2.9159 (2012 - 2013)
^ 189 : 3 2.9263 168.0 2.9263 (2012 - 2014)
^ 197 : 4 3.1058 103.38461538461539 3.1058 (2017 - )
^ 198 : 2 2.7524 224.0 2.7524 (2016 - 2017)
^ 202 : 2 3.4799 51.69230769230769 3.4799 (2015 - 2016)
^ 206 : 2 4.4105 64.0 4.4105 (2014 - 2015)
^ 231 : 4 4.0746 149.33333333333334 4.0746 (2017 - )
^ 236 : 4 4.5297 134.4 4.5297 (2017 - )
^ 240 : 2 3.1598 268.8 3.1598 (2010 - 2011)
^ 243 : 4 4.5297 134.4 4.5297 (2017 - )
^ 260 : 4 2.7121 224.0 2.7121 (2017 - )
^ 264 : 4 3.5272 168.0 3.5272 (2017 - )
^ 297 : 2 3.1598 268.8 3.1598 (2010 - 2011)
^ 305 : 2 13.1954 4.0 41.2083 (2013 - 2014)
^ 313 : 3 2.6628 224.0 2.6628 (2011 - 2013)
^ 316 : 5 2.8242 70.73684210526316 2.8242 (2016 - )
^ 322 : 2 3.3645 149.33333333333334 3.3645 (2015 - 2016)
^ 326 : 4 2.7121 224.0 2.7121 (2017 - )
^ 327 : 4 2.7121 224.0 2.7121 (2017 - )
^ 336 : 2 3.7069 192.0 3.7069 (2011 - 2012)
^ 337 : 4 5.4414 112.0 5.4414 (2017 - )
^ 34 : 2 2.9891 168.0 2.9891 (2015 - 2016)
^ 355 : 2 3.4037 192.0 3.4037 (2012 - 2013)
^ 357 : 2 2.9159 224.0 2.9159 (2012 - 2013)
^ 359 : 5 4.1337 53.76 4.1337 (2016 - )
^ 362 : 2 2.936 224.0 2.936 (2013 - 2014)
^ 368 : 5 4.9836 89.6 4.9836 (2016 - )
^ 374 : 5 14.2029 9.464788732394366 14.2029 (2016 - )
^ 45 : 2 2.7182 103.38461538461539 2.7182 (2011 - 2012)
^ 50 : 2 2.9159 224.0 2.9159 (2012 - 2013)
^ 54 : 2 3.1757 224.0 3.1757 (2011 - 2012)
^ 85 : 6 3.2746 53.76 3.2746 (2015 - )
^ 86 : 2 3.416 15.101123595505618 3.416 (2009 - 2010)
