^ 10077 : 4 2.8522 8300.033333333333 2.8522 (2012 - 2015)
^ 10267 : 4 3.0313 5928.5952380952385 3.0313 (2017 - )
^ 10268 : 4 3.0313 5928.5952380952385 3.0313 (2017 - )
^ 10394 : 2 2.7405 17785.785714285714 2.7405 (2011 - 2012)
^ 10702 : 6 2.6517 8300.033333333333 2.6517 (2008 - 2013)
^ 1095 : 3 3.9533 10375.041666666666 3.9533 (2009 - 2011)
^ 10983 : 2 3.1369 3192.3205128205127 3.1369 (2012 - 2013)
^ 10984 : 2 3.1369 3192.3205128205127 3.1369 (2012 - 2013)
^ 11006 : 3 3.1316 2706.532608695652 3.1316 (2007 - 2009)
^ 11008 : 3 3.4354 4611.12962962963 3.4354 (2007 - 2009)
^ 11081 : 4 2.9737 6552.6578947368425 2.9737 (2017 - )
^ 11136 : 4 4.9368 3192.3205128205127 4.9368 (2017 - )
^ 11161 : 2 15.6982 2394.2403846153848 15.6982 (2015 - 2016)
^ 11264 : 5 6.1562 2540.826530612245 6.1562 (2016 - )
^ 11306 : 8 2.9099 7323.558823529412 2.9099 (2007 - 2014)
^ 11523 : 4 3.3089 15562.5625 3.3089 (2008 - 2011)
^ 11644 : 2 5.1839 3772.742424242424 5.1839 (2013 - 2014)
^ 11659 : 5 7.2234 8892.892857142857 7.2234 (2008 - 2012)
^ 11660 : 5 7.2234 8892.892857142857 7.2234 (2008 - 2012)
^ 11808 : 3 3.1821 8300.033333333333 3.1821 (2012 - 2014)
^ 11856 : 2 4.201 5413.065217391304 4.201 (2013 - 2014)
^ 11969 : 4 3.3222 3192.3205128205127 3.3222 (2009 - 2012)
^ 11973 : 2 7.7466 4016.1451612903224 7.7466 (2016 - 2017)
^ 12006 : 2 3.6805 6916.694444444444 3.6805 (2011 - 2012)
^ 12155 : 7 2.9744 8300.033333333333 2.9744 (2008 - 2014)
^ 12176 : 5 3.9503 13833.388888888889 3.9503 (2008 - 2012)
^ 12193 : 3 3.8886 2146.560344827586 3.8886 (2007 - 2009)
^ 12198 : 2 2.669 4980.02 2.669 (2016 - 2017)
^ 12260 : 2 9.5458 4980.02 9.5458 (2015 - 2016)
^ 12291 : 6 5.4165 4788.4807692307695 5.4165 (2009 - 2014)
^ 12296 : 2 10.2406 4016.1451612903224 10.2406 (2008 - 2009)
^ 12316 : 4 3.0964 12450.05 3.0964 (2008 - 2011)
^ 12521 : 5 5.6754 11318.227272727272 5.6754 (2008 - 2012)
^ 12523 : 3 4.0425 11318.227272727272 4.0425 (2008 - 2010)
^ 12658 : 5 11.821 3557.157142857143 11.821 (2008 - 2012)
^ 12931 : 2 3.3908 11318.227272727272 3.3908 (2012 - 2013)
^ 12944 : 5 4.0898 17785.785714285714 4.0898 (2007 - 2011)
^ 12964 : 2 2.7555 5928.5952380952385 2.7555 (2012 - 2013)
^ 12984 : 4 4.8597 5928.5952380952385 4.8597 (2017 - )
^ 13201 : 2 3.8161 12450.05 3.8161 (2011 - 2012)
^ 13280 : 3 3.2388 10375.041666666666 3.2388 (2012 - 2014)
^ 13343 : 3 3.3511 8300.033333333333 3.3511 (2015 - 2017)
^ 13344 : 3 3.3511 8300.033333333333 3.3511 (2015 - 2017)
^ 13345 : 3 3.3511 8300.033333333333 3.3511 (2015 - 2017)
^ 13383 : 3 2.8562 10375.041666666666 2.8562 (2013 - 2015)
^ 13591 : 2 4.6925 4446.446428571428 4.6925 (2013 - 2014)
^ 13688 : 2 3.1269 4293.120689655172 3.1269 (2013 - 2014)
^ 13720 : 2 4.087 2895.360465116279 4.087 (2013 - 2014)
^ 13759 : 5 7.7082 5413.065217391304 7.7082 (2008 - 2012)
^ 13761 : 5 3.5958 11318.227272727272 3.5958 (2008 - 2012)
^ 13816 : 2 3.1128 5928.5952380952385 3.1128 (2008 - 2009)
^ 14003 : 6 3.0774 2706.532608695652 3.0774 (2009 - 2014)
^ 14186 : 4 7.2609 5413.065217391304 7.2609 (2008 - 2011)
^ 14374 : 5 2.7444 1500.0060240963855 2.7444 (2007 - 2011)
^ 14379 : 5 2.7431 9576.961538461539 2.7431 (2007 - 2011)
^ 14461 : 4 4.2703 10375.041666666666 4.2703 (2008 - 2011)
^ 14516 : 4 3.1156 2075.008333333333 3.1156 (2017 - )
^ 14557 : 2 2.6726 17785.785714285714 2.6726 (2015 - 2016)
^ 14607 : 2 4.1133 15562.5625 4.1133 (2013 - 2014)
^ 14630 : 3 3.4788 5928.5952380952385 3.4788 (2014 - 2016)
^ 14638 : 3 2.7297 12450.05 2.7297 (2008 - 2010)
^ 14681 : 2 2.8379 11318.227272727272 2.8379 (2016 - 2017)
^ 14875 : 2 3.5236 12450.05 3.5236 (2012 - 2013)
^ 14978 : 2 4.445 3036.5975609756097 4.445 (2013 - 2014)
^ 15526 : 5 3.145 8892.892857142857 3.145 (2016 - )
^ 15697 : 5 2.9027 11318.227272727272 2.9027 (2008 - 2012)
^ 15843 : 4 2.6559 6225.025 2.6559 (2017 - )
^ 15977 : 5 3.0956 20750.083333333332 3.0956 (2008 - 2012)
^ 16036 : 2 3.3718 7781.28125 3.3718 (2016 - 2017)
^ 16081 : 2 3.1229 12450.05 3.1229 (2011 - 2012)
^ 16125 : 2 5.3576 3890.640625 5.3576 (2016 - 2017)
^ 16126 : 2 5.3576 3890.640625 5.3576 (2016 - 2017)
^ 16267 : 5 3.19 15562.5625 3.19 (2009 - 2013)
^ 16542 : 5 3.3996 7323.558823529412 3.3996 (2009 - 2013)
^ 16652 : 3 7.7279 6552.6578947368425 7.7279 (2012 - 2014)
^ 16750 : 2 2.9478 24900.1 2.9478 (2011 - 2012)
^ 16768 : 5 7.0462 8300.033333333333 7.0462 (2008 - 2012)
^ 16888 : 3 3.8753 8300.033333333333 3.8753 (2012 - 2014)
^ 17008 : 3 3.2388 10375.041666666666 3.2388 (2012 - 2014)
^ 17332 : 2 2.6687 20750.083333333332 2.6687 (2012 - 2013)
^ 17614 : 3 4.3123 5659.113636363636 4.3123 (2013 - 2015)
^ 17744 : 4 2.8333 6552.6578947368425 2.8333 (2008 - 2011)
^ 17828 : 2 4.9311 1830.889705882353 4.9311 (2008 - 2009)
^ 17857 : 3 2.8582 3276.3289473684213 2.8582 (2007 - 2009)
^ 17917 : 2 2.6976 11318.227272727272 2.6976 (2012 - 2013)
^ 17918 : 2 2.8305 12450.05 2.8305 (2012 - 2013)
^ 17919 : 2 2.9633 13833.388888888889 2.9633 (2012 - 2013)
^ 17922 : 2 2.8451 11318.227272727272 2.8451 (2010 - 2011)
^ 17983 : 4 3.46 4611.12962962963 3.46 (2011 - 2014)
^ 18049 : 4 2.7191 12450.05 2.7191 (2011 - 2014)
^ 18088 : 2 2.8543 5659.113636363636 2.8543 (2015 - 2016)
^ 18299 : 2 3.0144 15562.5625 3.0144 (2010 - 2011)
^ 18317 : 2 3.8744 7781.28125 3.8744 (2014 - 2015)
^ 18318 : 2 4.2921 10375.041666666666 4.2921 (2014 - 2015)
^ 18341 : 2 2.8379 11318.227272727272 2.8379 (2016 - 2017)
^ 18585 : 4 8.2662 3276.3289473684213 8.2662 (2017 - )
^ 18623 : 2 2.6812 7781.28125 2.6812 (2013 - 2014)
^ 18673 : 2 3.4562 13833.388888888889 3.4562 (2016 - 2017)
^ 18919 : 5 4.6793 4611.12962962963 4.6793 (2016 - )
^ 18922 : 3 8.5969 1537.0432098765432 8.5969 (2008 - 2010)
^ 18936 : 2 4.8885 1092.109649122807 4.8885 (2009 - 2010)
^ 18946 : 2 5.2921 6552.6578947368425 5.2921 (2008 - 2009)
^ 18948 : 4 3.2929 1729.173611111111 3.2929 (2017 - )
^ 19046 : 2 3.3066 4980.02 3.3066 (2015 - 2016)
^ 19047 : 2 3.3066 4980.02 3.3066 (2015 - 2016)
^ 19063 : 5 2.7411 15562.5625 2.7411 (2008 - 2012)
^ 19075 : 4 4.8465 4611.12962962963 4.8465 (2011 - 2014)
^ 19131 : 5 3.6754 13833.388888888889 3.6754 (2009 - 2013)
^ 19136 : 6 2.7199 15562.5625 2.7199 (2007 - 2012)
^ 19337 : 4 12.8817 672.9756756756757 12.8817 (2011 - 2014)
^ 19338 : 4 12.8817 672.9756756756757 12.8817 (2011 - 2014)
^ 19339 : 4 10.01 824.5066225165563 10.01 (2011 - 2014)
^ 19341 : 4 4.039 3661.779411764706 4.039 (2017 - )
^ 19342 : 4 4.039 3661.779411764706 4.039 (2017 - )
^ 19391 : 2 2.9408 1616.8896103896104 2.9408 (2012 - 2013)
^ 19621 : 2 3.1434 6916.694444444444 3.1434 (2010 - 2011)
^ 19719 : 2 2.9676 12450.05 2.9676 (2008 - 2009)
^ 20262 : 2 2.763 13833.388888888889 2.763 (2016 - 2017)
^ 20267 : 2 3.0722 15562.5625 3.0722 (2016 - 2017)
^ 20272 : 4 2.8384 3890.640625 2.8384 (2008 - 2011)
^ 20764 : 6 6.766 1596.1602564102564 6.766 (2007 - 2012)
^ 20777 : 2 3.3362 7781.28125 3.3362 (2015 - 2016)
^ 20835 : 6 4.831 8300.033333333333 4.831 (2009 - 2014)
^ 20974 : 4 4.5625 8892.892857142857 4.5625 (2017 - )
^ 21000 : 3 3.3511 8300.033333333333 3.3511 (2015 - 2017)
^ 21008 : 4 3.4058 7323.558823529412 3.4058 (2017 - )
^ 2101 : 3 3.5484 3890.640625 3.5484 (2010 - 2012)
^ 21098 : 2 8.5993 1208.7427184466019 8.5993 (2013 - 2014)
^ 21099 : 2 8.2241 2648.946808510638 8.2241 (2013 - 2014)
^ 21113 : 2 2.6726 17785.785714285714 2.6726 (2015 - 2016)
^ 21132 : 2 2.8134 11318.227272727272 2.8134 (2015 - 2016)
^ 21155 : 2 15.0688 3890.640625 15.0688 (2013 - 2014)
^ 21292 : 2 5.3402 3458.347222222222 5.3402 (2013 - 2014)
^ 21293 : 2 4.8715 4611.12962962963 4.8715 (2013 - 2014)
^ 21552 : 2 2.8134 11318.227272727272 2.8134 (2015 - 2016)
^ 21637 : 6 6.1097 4788.4807692307695 6.1097 (2009 - 2014)
^ 21639 : 6 4.831 8300.033333333333 4.831 (2009 - 2014)
^ 21670 : 3 3.0306 2349.066037735849 3.0306 (2008 - 2010)
^ 21729 : 4 4.599 3557.157142857143 4.599 (2009 - 2012)
^ 22061 : 2 3.1953 10375.041666666666 3.1953 (2015 - 2016)
^ 22076 : 5 3.4343 15562.5625 3.4343 (2008 - 2012)
^ 22077 : 5 3.4343 15562.5625 3.4343 (2008 - 2012)
^ 22109 : 5 4.1275 15562.5625 4.1275 (2008 - 2012)
^ 22209 : 4 17.7284 1518.2987804878048 17.7284 (2011 - 2014)
^ 22234 : 2 4.1113 2766.677777777778 4.1113 (2016 - 2017)
^ 22482 : 2 3.5966 7323.558823529412 3.5966 (2014 - 2015)
^ 22531 : 3 2.7576 11318.227272727272 2.7576 (2010 - 2012)
^ 22577 : 2 4.3021 10375.041666666666 4.3021 (2011 - 2012)
^ 22597 : 5 7.2078 6916.694444444444 7.2078 (2008 - 2012)
^ 22630 : 3 3.8886 2146.560344827586 3.8886 (2007 - 2009)
^ 22631 : 3 3.8886 2146.560344827586 3.8886 (2007 - 2009)
^ 22638 : 2 3.2545 24900.1 3.2545 (2009 - 2010)
^ 23029 : 6 3.4148 3557.157142857143 3.4148 (2008 - 2013)
^ 23334 : 3 3.798 7323.558823529412 3.798 (2015 - 2017)
^ 23343 : 5 3.6115 17785.785714285714 3.6115 (2008 - 2012)
^ 23344 : 5 3.6115 17785.785714285714 3.6115 (2008 - 2012)
^ 23468 : 2 2.9128 9576.961538461539 2.9128 (2016 - 2017)
^ 23529 : 2 2.9633 13833.388888888889 2.9633 (2012 - 2013)
^ 23712 : 4 4.5238 241.28003875968992 4.5238 (2017 - )
^ 23747 : 4 3.754 12450.05 3.754 (2017 - )
^ 23748 : 4 3.754 12450.05 3.754 (2017 - )
^ 23750 : 2 2.7313 1500.0060240963855 2.7313 (2009 - 2010)
^ 23772 : 2 3.1229 12450.05 3.1229 (2011 - 2012)
^ 23773 : 2 3.1229 12450.05 3.1229 (2011 - 2012)
^ 23794 : 4 3.7092 3557.157142857143 3.7092 (2017 - )
^ 23795 : 4 3.7092 3557.157142857143 3.7092 (2017 - )
^ 24181 : 4 4.3783 15562.5625 4.3783 (2009 - 2012)
^ 24194 : 4 4.5625 8892.892857142857 4.5625 (2017 - )
^ 24197 : 4 3.754 12450.05 3.754 (2017 - )
^ 24198 : 4 3.754 12450.05 3.754 (2017 - )
^ 24279 : 4 8.01 4293.120689655172 8.01 (2008 - 2011)
^ 24280 : 4 8.5412 5187.520833333333 8.5412 (2008 - 2011)
^ 24328 : 4 10.6771 798.0801282051282 10.6771 (2011 - 2014)
^ 24342 : 6 3.3207 6916.694444444444 3.3207 (2008 - 2013)
^ 24478 : 2 4.815 988.0992063492064 4.815 (2008 - 2009)
^ 24489 : 2 5.4415 7781.28125 5.4415 (2008 - 2009)
^ 24512 : 2 3.1434 6916.694444444444 3.1434 (2010 - 2011)
^ 24547 : 3 4.0729 7323.558823529412 4.0729 (2010 - 2012)
^ 24557 : 4 3.754 12450.05 3.754 (2017 - )
^ 24558 : 4 3.754 12450.05 3.754 (2017 - )
^ 24560 : 2 2.7313 1500.0060240963855 2.7313 (2009 - 2010)
^ 24563 : 4 3.0086 8892.892857142857 3.0086 (2017 - )
^ 24568 : 2 6.2321 2008.0725806451612 6.2321 (2013 - 2014)
^ 24569 : 2 6.4111 2040.9918032786886 6.4111 (2013 - 2014)
^ 24570 : 2 8.2241 2648.946808510638 8.2241 (2013 - 2014)
^ 24608 : 2 3.2623 6916.694444444444 3.2623 (2008 - 2009)
^ 24676 : 2 3.1229 12450.05 3.1229 (2011 - 2012)
^ 24677 : 2 3.1229 12450.05 3.1229 (2011 - 2012)
^ 24678 : 2 3.1229 12450.05 3.1229 (2011 - 2012)
^ 24707 : 2 10.2406 4016.1451612903224 10.2406 (2008 - 2009)
^ 24708 : 2 10.2406 4016.1451612903224 10.2406 (2008 - 2009)
^ 24709 : 2 10.2406 4016.1451612903224 10.2406 (2008 - 2009)
^ 24767 : 4 10.5033 1220.5931372549019 10.5033 (2010 - 2013)
^ 24768 : 4 9.1823 1431.0402298850574 9.1823 (2010 - 2013)
^ 24808 : 2 2.9059 17785.785714285714 2.9059 (2013 - 2014)
^ 24915 : 2 6.5471 1705.486301369863 6.5471 (2016 - 2017)
^ 24920 : 2 6.9596 2648.946808510638 6.9596 (2016 - 2017)
^ 24931 : 2 3.222 10375.041666666666 3.222 (2016 - 2017)
^ 24933 : 2 2.763 13833.388888888889 2.763 (2016 - 2017)
^ 24934 : 2 2.763 13833.388888888889 2.763 (2016 - 2017)
^ 24996 : 2 2.9022 3276.3289473684213 5.6505 (2013 - 2014)
^ 25103 : 2 4.6039 1638.1644736842106 4.6039 (2011 - 2012)
^ 25125 : 3 3.166 20750.083333333332 3.166 (2011 - 2013)
^ 25289 : 3 3.4537 6552.6578947368425 3.4537 (2008 - 2010)
^ 25305 : 2 2.6687 7781.28125 2.6687 (2008 - 2009)
^ 25348 : 2 4.5795 1208.7427184466019 4.5795 (2011 - 2012)
^ 25349 : 4 2.7712 5187.520833333333 2.7712 (2017 - )
^ 25417 : 2 2.8839 9576.961538461539 2.8839 (2015 - 2016)
^ 25430 : 5 3.2617 5928.5952380952385 3.2617 (2009 - 2013)
^ 25578 : 3 3.0456 12450.05 3.0456 (2012 - 2014)
^ 25586 : 2 4.1261 2490.01 4.1261 (2009 - 2010)
^ 25686 : 3 4.3799 13833.388888888889 4.3799 (2007 - 2009)
^ 25691 : 2 3.1871 5413.065217391304 3.1871 (2009 - 2010)
^ 25698 : 4 4.1564 11318.227272727272 4.1564 (2010 - 2013)
^ 25892 : 3 2.8139 7781.28125 2.8139 (2010 - 2012)
^ 26109 : 4 4.1294 11318.227272727272 4.1294 (2017 - )
^ 26201 : 5 2.8317 3890.640625 2.8317 (2012 - 2016)
^ 26254 : 2 4.0629 5928.5952380952385 4.0629 (2011 - 2012)
^ 26255 : 2 3.1229 12450.05 3.1229 (2011 - 2012)
^ 26674 : 2 4.0294 7781.28125 4.0294 (2015 - 2016)
^ 26675 : 4 3.2309 1945.3203125 3.2309 (2017 - )
^ 26696 : 2 3.2265 13833.388888888889 3.2265 (2011 - 2012)
^ 26978 : 2 2.748 4611.12962962963 2.748 (2011 - 2012)
^ 27088 : 4 3.4123 12450.05 3.4123 (2011 - 2014)
^ 27229 : 2 15.6982 2394.2403846153848 15.6982 (2015 - 2016)
^ 27230 : 2 15.6982 2394.2403846153848 15.6982 (2015 - 2016)
^ 27231 : 2 15.6982 2394.2403846153848 15.6982 (2015 - 2016)
^ 2742 : 2 6.0351 6916.694444444444 6.0351 (2008 - 2009)
^ 2743 : 2 5.3917 7323.558823529412 5.3917 (2008 - 2009)
^ 2744 : 2 5.3917 7323.558823529412 5.3917 (2008 - 2009)
^ 27459 : 2 2.763 13833.388888888889 2.763 (2016 - 2017)
^ 27593 : 2 15.3868 2349.066037735849 15.3868 (2015 - 2016)
^ 27594 : 2 15.6982 2394.2403846153848 15.6982 (2015 - 2016)
^ 27898 : 2 2.9633 13833.388888888889 2.9633 (2012 - 2013)
^ 27915 : 5 5.8167 5187.520833333333 5.8167 (2010 - 2014)
^ 27926 : 2 15.6982 2394.2403846153848 15.6982 (2015 - 2016)
^ 27927 : 2 15.6982 2394.2403846153848 15.6982 (2015 - 2016)
^ 27928 : 2 15.6982 2394.2403846153848 15.6982 (2015 - 2016)
^ 28060 : 3 3.2955 13833.388888888889 3.2955 (2012 - 2014)
^ 28125 : 2 2.9877 8300.033333333333 2.9877 (2016 - 2017)
^ 28226 : 6 3.3341 6225.025 3.3341 (2007 - 2012)
^ 28344 : 2 9.9419 3364.8783783783783 9.9419 (2008 - 2009)
^ 28345 : 2 10.2406 4016.1451612903224 10.2406 (2008 - 2009)
^ 28346 : 2 10.2406 4016.1451612903224 10.2406 (2008 - 2009)
^ 28402 : 4 3.1452 2540.826530612245 3.1452 (2017 - )
^ 28403 : 4 2.7697 2593.7604166666665 2.7697 (2017 - )
^ 28408 : 2 2.6881 17785.785714285714 2.6881 (2016 - 2017)
^ 28409 : 2 2.6881 17785.785714285714 2.6881 (2016 - 2017)
^ 28430 : 2 3.716 2110.177966101695 3.716 (2014 - 2015)
^ 28560 : 2 2.9016 12450.05 2.9016 (2010 - 2011)
^ 28720 : 2 3.4562 13833.388888888889 3.4562 (2016 - 2017)
^ 28721 : 2 3.4562 13833.388888888889 3.4562 (2016 - 2017)
^ 28876 : 4 3.146 6225.025 3.146 (2010 - 2013)
^ 28964 : 4 3.2125 3557.157142857143 3.2125 (2009 - 2012)
^ 28965 : 4 3.2125 3557.157142857143 3.2125 (2009 - 2012)
^ 29008 : 4 2.6559 6225.025 2.6559 (2017 - )
^ 29101 : 3 4.5685 8300.033333333333 4.5685 (2012 - 2014)
^ 2919 : 2 4.6129 13833.388888888889 4.6129 (2011 - 2012)
^ 29231 : 2 3.1657 5928.5952380952385 3.1657 (2015 - 2016)
^ 29292 : 2 6.0307 10375.041666666666 6.0307 (2012 - 2013)
^ 29336 : 2 4.3768 3772.742424242424 4.3768 (2010 - 2011)
^ 29564 : 6 2.8382 6552.6578947368425 2.8382 (2009 - 2014)
^ 29592 : 4 8.3748 4788.4807692307695 8.3748 (2017 - )
^ 29777 : 4 3.314 5928.5952380952385 3.314 (2008 - 2011)
^ 30259 : 4 4.1871 9576.961538461539 4.1871 (2017 - )
^ 30260 : 4 4.5049 10375.041666666666 4.5049 (2017 - )
^ 30323 : 2 2.7917 4611.12962962963 2.7917 (2013 - 2014)
^ 30324 : 2 2.7917 4611.12962962963 2.7917 (2013 - 2014)
^ 3037 : 5 3.6115 17785.785714285714 3.6115 (2008 - 2012)
^ 30501 : 3 2.8485 7781.28125 2.8485 (2014 - 2016)
^ 3052 : 2 4.1208 3458.347222222222 4.1208 (2016 - 2017)
^ 30556 : 3 2.8186 5659.113636363636 2.8186 (2012 - 2014)
^ 3066 : 5 5.1594 12450.05 5.1594 (2008 - 2012)
^ 30809 : 3 3.3753 7323.558823529412 3.3753 (2012 - 2014)
^ 30894 : 4 14.654 651.8350785340314 14.654 (2011 - 2014)
^ 30895 : 4 10.96 803.2290322580645 10.96 (2011 - 2014)
^ 30898 : 2 4.8994 3772.742424242424 4.8994 (2011 - 2012)
^ 30925 : 3 16.9604 324.2200520833333 16.9604 (2010 - 2012)
^ 31039 : 4 3.4131 3276.3289473684213 3.4131 (2017 - )
^ 31052 : 2 4.8885 1092.109649122807 4.8885 (2009 - 2010)
^ 31153 : 2 3.4562 13833.388888888889 3.4562 (2016 - 2017)
^ 31154 : 2 3.4562 13833.388888888889 3.4562 (2016 - 2017)
^ 31155 : 2 3.4562 13833.388888888889 3.4562 (2016 - 2017)
^ 31170 : 2 3.9511 10375.041666666666 3.9511 (2012 - 2013)
^ 31247 : 4 9.3078 1383.338888888889 9.3078 (2010 - 2013)
^ 31259 : 5 2.6419 8892.892857142857 2.6419 (2010 - 2014)
^ 31316 : 4 4.554 9576.961538461539 4.554 (2007 - 2010)
^ 3132 : 5 4.8271 3112.5125 4.8271 (2016 - )
^ 31336 : 2 3.053 4788.4807692307695 3.053 (2016 - 2017)
^ 3134 : 2 3.0962 15562.5625 3.0962 (2012 - 2013)
^ 31377 : 3 2.9107 3364.8783783783783 2.9107 (2007 - 2009)
^ 31399 : 4 3.5069 2305.564814814815 3.5069 (2007 - 2010)
^ 31419 : 3 3.7095 20750.083333333332 3.7095 (2009 - 2011)
^ 31589 : 4 3.8228 11318.227272727272 3.8228 (2011 - 2014)
^ 31685 : 3 2.9114 11318.227272727272 2.9114 (2014 - 2016)
^ 3201 : 3 5.6378 4611.12962962963 5.6378 (2008 - 2010)
^ 3204 : 2 3.1669 20750.083333333332 3.1669 (2008 - 2009)
^ 32105 : 5 3.8832 15562.5625 3.8832 (2009 - 2013)
^ 32113 : 3 3.2376 7323.558823529412 3.2376 (2013 - 2015)
^ 3224 : 2 3.399 2184.219298245614 3.399 (2008 - 2009)
^ 32283 : 2 3.053 4788.4807692307695 3.053 (2016 - 2017)
^ 32334 : 6 8.9664 895.6870503597122 8.9664 (2007 - 2012)
^ 32335 : 7 9.567 1028.9297520661157 9.567 (2007 - 2013)
^ 32526 : 4 5.3646 4980.02 5.3646 (2009 - 2012)
^ 32527 : 2 3.1277 15562.5625 3.1277 (2009 - 2010)
^ 32587 : 4 3.3089 15562.5625 3.3089 (2008 - 2011)
^ 32771 : 2 3.9663 1208.7427184466019 3.9663 (2009 - 2010)
^ 32773 : 2 3.3231 1804.355072463768 3.3231 (2009 - 2010)
^ 32774 : 2 3.3231 1804.355072463768 3.3231 (2009 - 2010)
^ 32804 : 4 3.0913 8892.892857142857 3.0913 (2007 - 2010)
^ 32807 : 3 2.9505 17785.785714285714 2.9505 (2008 - 2010)
^ 32829 : 2 7.9942 783.0220125786163 7.9942 (2012 - 2013)
^ 32863 : 2 2.9633 13833.388888888889 2.9633 (2012 - 2013)
^ 33063 : 4 16.8108 830.0033333333333 16.8108 (2017 - )
^ 33064 : 4 4.9957 7323.558823529412 4.9957 (2017 - )
^ 33065 : 4 4.8766 1464.7117647058824 4.8766 (2017 - )
^ 33090 : 4 8.2662 3276.3289473684213 8.2662 (2017 - )
^ 33091 : 4 8.2662 3276.3289473684213 8.2662 (2017 - )
^ 33092 : 4 8.2662 3276.3289473684213 8.2662 (2017 - )
^ 33170 : 2 2.7343 3458.347222222222 2.7343 (2016 - 2017)
^ 33171 : 2 3.3526 3661.779411764706 3.3526 (2016 - 2017)
^ 33173 : 2 8.2241 2648.946808510638 8.2241 (2013 - 2014)
^ 33174 : 3 4.1483 4980.02 4.1483 (2012 - 2014)
^ 33175 : 2 4.201 5413.065217391304 4.201 (2013 - 2014)
^ 33186 : 2 5.3576 3890.640625 5.3576 (2016 - 2017)
^ 33187 : 2 5.3576 3890.640625 5.3576 (2016 - 2017)
^ 33188 : 2 5.3576 3890.640625 5.3576 (2016 - 2017)
^ 33367 : 4 8.5412 5187.520833333333 8.5412 (2008 - 2011)
^ 33504 : 3 2.8582 3276.3289473684213 2.8582 (2007 - 2009)
^ 3351 : 2 3.718 7323.558823529412 3.718 (2015 - 2016)
^ 33550 : 2 3.3251 2263.6454545454544 3.3251 (2013 - 2014)
^ 33551 : 2 3.3251 2263.6454545454544 3.3251 (2013 - 2014)
^ 3376 : 2 3.0621 12450.05 3.0621 (2013 - 2014)
^ 33832 : 2 3.229 17785.785714285714 3.229 (2012 - 2013)
^ 33871 : 2 2.7844 4788.4807692307695 2.7844 (2012 - 2013)
^ 3389 : 2 3.3212 9576.961538461539 3.3212 (2014 - 2015)
^ 33943 : 4 7.9416 5413.065217391304 7.9416 (2017 - )
^ 33944 : 4 7.9416 5413.065217391304 7.9416 (2017 - )
^ 34113 : 2 3.1669 20750.083333333332 3.1669 (2008 - 2009)
^ 34247 : 5 5.9668 4446.446428571428 5.9668 (2009 - 2013)
^ 34378 : 5 8.0837 2075.008333333333 8.0837 (2008 - 2012)
^ 34612 : 2 3.0621 12450.05 3.0621 (2013 - 2014)
^ 34633 : 2 3.3212 9576.961538461539 3.3212 (2014 - 2015)
^ 3464 : 2 3.0041 3112.5125 3.0041 (2012 - 2013)
^ 3497 : 2 2.7405 17785.785714285714 2.7405 (2011 - 2012)
^ 34981 : 3 2.7956 11318.227272727272 2.7956 (2012 - 2014)
^ 35031 : 2 3.3235 15562.5625 3.3235 (2014 - 2015)
^ 35048 : 3 3.5701 15562.5625 3.5701 (2008 - 2010)
^ 35068 : 2 3.9273 4293.120689655172 3.9273 (2011 - 2012)
^ 35083 : 3 4.5676 5187.520833333333 4.5676 (2010 - 2012)
^ 3510 : 4 3.0086 8892.892857142857 3.0086 (2017 - )
^ 35208 : 3 3.8417 3890.640625 3.8417 (2009 - 2011)
^ 35237 : 5 5.689 4788.4807692307695 5.689 (2009 - 2013)
^ 35289 : 6 2.7941 4788.4807692307695 2.7941 (2008 - 2013)
^ 35352 : 2 5.0733 5659.113636363636 5.0733 (2013 - 2014)
^ 35413 : 4 3.1434 5659.113636363636 3.1434 (2017 - )
^ 35436 : 4 2.6559 6225.025 2.6559 (2017 - )
^ 35479 : 4 4.273 4446.446428571428 4.273 (2017 - )
^ 35482 : 2 2.9032 5659.113636363636 2.9032 (2016 - 2017)
^ 35524 : 2 4.4986 1682.4391891891892 4.4986 (2009 - 2010)
^ 35526 : 2 3.3231 1804.355072463768 3.3231 (2009 - 2010)
^ 35680 : 4 4.9957 7323.558823529412 4.9957 (2017 - )
^ 35681 : 4 4.8766 1464.7117647058824 4.8766 (2017 - )
^ 35730 : 2 2.9157 10375.041666666666 2.9157 (2011 - 2012)
^ 35765 : 2 3.108 3661.779411764706 3.108 (2012 - 2013)
^ 35886 : 4 3.0458 7323.558823529412 3.0458 (2008 - 2011)
^ 35932 : 3 3.0537 4980.02 3.0537 (2010 - 2012)
^ 35979 : 3 2.7014 20750.083333333332 2.7014 (2010 - 2012)
^ 36168 : 2 4.9289 4016.1451612903224 4.9289 (2009 - 2010)
^ 36177 : 5 3.3672 6225.025 3.3672 (2007 - 2011)
^ 36281 : 2 5.1423 7323.558823529412 5.1423 (2016 - 2017)
^ 36305 : 3 2.8283 15562.5625 2.8283 (2013 - 2015)
^ 36332 : 2 7.4374 3890.640625 7.4374 (2016 - 2017)
^ 36363 : 3 2.6865 7323.558823529412 2.6865 (2010 - 2012)
^ 36407 : 4 8.3748 4788.4807692307695 8.3748 (2017 - )
^ 36408 : 4 8.3748 4788.4807692307695 8.3748 (2017 - )
^ 36418 : 4 5.6572 1638.1644736842106 5.6572 (2017 - )
^ 36458 : 2 3.5373 20750.083333333332 3.5373 (2011 - 2012)
^ 36514 : 3 3.2594 4611.12962962963 3.2594 (2015 - 2017)
^ 36575 : 5 3.4186 10375.041666666666 3.4186 (2008 - 2012)
^ 36581 : 3 3.6437 17785.785714285714 3.6437 (2008 - 2010)
^ 3683 : 3 3.7286 8300.033333333333 3.7286 (2009 - 2011)
^ 3684 : 3 3.9533 10375.041666666666 3.9533 (2009 - 2011)
^ 37052 : 3 3.682 9576.961538461539 3.682 (2012 - 2014)
^ 37101 : 2 3.0656 4446.446428571428 3.0656 (2015 - 2016)
^ 37330 : 3 2.884 7781.28125 2.884 (2013 - 2015)
^ 37722 : 4 8.2662 3276.3289473684213 8.2662 (2017 - )
^ 37723 : 4 8.2662 3276.3289473684213 8.2662 (2017 - )
^ 37774 : 4 5.3918 3890.640625 5.3918 (2017 - )
^ 37875 : 4 3.1486 13833.388888888889 3.1486 (2010 - 2013)
^ 37988 : 3 3.0005 17785.785714285714 3.0005 (2011 - 2013)
^ 37994 : 3 3.0977 24900.1 3.0977 (2008 - 2010)
^ 38046 : 3 6.2845 1082.6130434782608 6.2845 (2015 - 2017)
^ 38132 : 2 3.0849 20750.083333333332 3.0849 (2013 - 2014)
^ 38289 : 2 3.3235 15562.5625 3.3235 (2014 - 2015)
^ 38488 : 5 4.6562 5928.5952380952385 4.6562 (2010 - 2014)
^ 38584 : 6 2.8735 11318.227272727272 2.8735 (2007 - 2012)
^ 38615 : 2 2.6726 17785.785714285714 2.6726 (2015 - 2016)
^ 38692 : 5 3.3977 17785.785714285714 3.3977 (2009 - 2013)
^ 38713 : 4 3.3909 10375.041666666666 3.3909 (2012 - 2015)
^ 38714 : 4 3.3909 10375.041666666666 3.3909 (2012 - 2015)
^ 38739 : 2 5.3576 3890.640625 5.3576 (2016 - 2017)
^ 38855 : 2 6.9596 2648.946808510638 6.9596 (2016 - 2017)
^ 38881 : 2 3.4467 6916.694444444444 3.4467 (2016 - 2017)
^ 38886 : 4 2.78 5928.5952380952385 2.78 (2017 - )
^ 38889 : 2 3.3526 3661.779411764706 3.3526 (2016 - 2017)
^ 38890 : 2 3.3526 3661.779411764706 3.3526 (2016 - 2017)
^ 38891 : 2 4.201 5413.065217391304 4.201 (2013 - 2014)
^ 38892 : 2 4.201 5413.065217391304 4.201 (2013 - 2014)
^ 38895 : 2 5.3576 3890.640625 5.3576 (2016 - 2017)
^ 38896 : 2 5.3576 3890.640625 5.3576 (2016 - 2017)
^ 38960 : 2 3.4066 6916.694444444444 3.4066 (2015 - 2016)
^ 38961 : 2 3.4066 6916.694444444444 3.4066 (2015 - 2016)
^ 39001 : 2 3.4562 13833.388888888889 3.4562 (2016 - 2017)
^ 39003 : 2 3.9901 8892.892857142857 3.9901 (2016 - 2017)
^ 39004 : 2 2.763 13833.388888888889 2.763 (2016 - 2017)
^ 3929 : 6 5.3498 2349.066037735849 5.3498 (2008 - 2013)
^ 3930 : 5 5.9668 4446.446428571428 5.9668 (2009 - 2013)
^ 39328 : 5 3.8832 15562.5625 3.8832 (2009 - 2013)
^ 39332 : 3 3.2376 7323.558823529412 3.2376 (2013 - 2015)
^ 39368 : 2 8.1213 3036.5975609756097 8.1213 (2016 - 2017)
^ 39376 : 5 3.5943 7781.28125 3.5943 (2016 - )
^ 39377 : 5 3.5943 7781.28125 3.5943 (2016 - )
^ 39433 : 3 2.7548 4446.446428571428 2.7548 (2009 - 2011)
^ 39452 : 2 3.229 17785.785714285714 3.229 (2012 - 2013)
^ 39454 : 3 10.6278 2540.826530612245 10.6278 (2012 - 2014)
^ 39460 : 2 3.994 498.002 3.994 (2009 - 2010)
^ 39464 : 2 4.4298 8892.892857142857 4.4298 (2014 - 2015)
^ 39466 : 2 7.6206 2648.946808510638 7.6206 (2012 - 2013)
^ 39473 : 2 5.985 4446.446428571428 5.985 (2012 - 2013)
^ 39520 : 3 3.6609 2964.2976190476193 3.6609 (2010 - 2012)
^ 39537 : 2 3.348 2441.1862745098038 3.348 (2013 - 2014)
^ 39567 : 4 3.7245 5928.5952380952385 3.7245 (2017 - )
^ 39596 : 2 6.9474 3112.5125 6.9474 (2011 - 2012)
^ 39643 : 2 3.8381 5187.520833333333 3.8381 (2009 - 2010)
^ 39684 : 7 2.676 12450.05 2.676 (2008 - 2014)
^ 39748 : 2 4.0905 10375.041666666666 4.0905 (2013 - 2014)
^ 39762 : 2 5.9682 550.887168141593 5.9682 (2010 - 2011)
^ 40079 : 2 3.4197 7781.28125 3.4197 (2012 - 2013)
^ 4016 : 5 8.553 1705.486301369863 8.553 (2008 - 2012)
^ 4018 : 5 8.0837 2075.008333333333 8.0837 (2008 - 2012)
^ 40329 : 2 5.4913 8300.033333333333 5.4913 (2008 - 2009)
^ 40415 : 2 3.7604 15562.5625 3.7604 (2008 - 2009)
^ 40417 : 2 3.86 20750.083333333332 3.86 (2008 - 2009)
^ 40435 : 4 3.4203 6225.025 3.4203 (2008 - 2011)
^ 40439 : 2 10.9655 1245.005 10.9655 (2008 - 2009)
^ 40440 : 4 8.5412 5187.520833333333 8.5412 (2008 - 2011)
^ 40453 : 2 5.5869 4611.12962962963 5.5869 (2008 - 2009)
^ 40456 : 2 4.3996 5413.065217391304 4.3996 (2008 - 2009)
^ 40483 : 2 2.8965 3890.640625 2.8965 (2014 - 2015)
^ 40583 : 6 7.759 902.177536231884 7.759 (2007 - 2012)
^ 40680 : 2 4.5695 5413.065217391304 4.5695 (2012 - 2013)
^ 40843 : 2 3.4155 3661.779411764706 3.4155 (2009 - 2010)
^ 40886 : 6 4.001 5187.520833333333 4.001 (2007 - 2012)
^ 40889 : 4 4.554 9576.961538461539 4.554 (2007 - 2010)
^ 40917 : 5 3.8832 15562.5625 3.8832 (2009 - 2013)
^ 40919 : 3 3.2376 7323.558823529412 3.2376 (2013 - 2015)
^ 40979 : 2 4.8431 6225.025 4.8431 (2014 - 2015)
^ 4123 : 2 2.9633 13833.388888888889 2.9633 (2012 - 2013)
^ 41244 : 2 3.0962 15562.5625 3.0962 (2012 - 2013)
^ 41245 : 2 3.0962 15562.5625 3.0962 (2012 - 2013)
^ 41261 : 2 5.9269 6916.694444444444 5.9269 (2012 - 2013)
^ 41374 : 3 2.8422 12450.05 2.8422 (2013 - 2015)
^ 41390 : 4 6.13 8300.033333333333 6.13 (2009 - 2012)
^ 41429 : 2 4.1665 6225.025 4.1665 (2011 - 2012)
^ 41473 : 3 3.6261 1976.1984126984128 3.6261 (2007 - 2009)
^ 41474 : 2 2.768 12450.05 2.768 (2014 - 2015)
^ 41476 : 2 8.6847 2490.01 8.6847 (2011 - 2012)
^ 4157 : 4 2.9074 15562.5625 2.9074 (2017 - )
^ 4207 : 5 4.5123 3557.157142857143 4.5123 (2009 - 2013)
^ 4228 : 5 3.6115 17785.785714285714 3.6115 (2008 - 2012)
^ 4229 : 5 3.6115 17785.785714285714 3.6115 (2008 - 2012)
^ 4369 : 7 3.292 6916.694444444444 3.292 (2008 - 2014)
^ 4458 : 2 2.9952 4788.4807692307695 2.9952 (2015 - 2016)
^ 4485 : 2 4.1544 12450.05 4.1544 (2014 - 2015)
^ 4529 : 2 2.6812 7781.28125 2.6812 (2013 - 2014)
^ 4599 : 4 2.6746 1682.4391891891892 2.6746 (2007 - 2010)
^ 4917 : 4 2.6451 9576.961538461539 2.6451 (2017 - )
^ 4968 : 3 2.9043 9576.961538461539 2.9043 (2015 - 2017)
^ 5118 : 4 2.9569 3890.640625 2.9569 (2009 - 2012)
^ 5119 : 4 2.9569 3890.640625 2.9569 (2009 - 2012)
^ 5135 : 4 2.7191 12450.05 2.7191 (2011 - 2014)
^ 5140 : 4 3.6228 1753.5281690140846 3.6228 (2017 - )
^ 5141 : 4 3.6228 1753.5281690140846 3.6228 (2017 - )
^ 5149 : 4 3.9552 4293.120689655172 3.9552 (2017 - )
^ 5286 : 5 6.2946 719.6560693641618 6.2946 (2016 - )
^ 5287 : 4 7.3061 4980.02 7.3061 (2017 - )
^ 5340 : 2 3.3251 2263.6454545454544 3.3251 (2013 - 2014)
^ 5386 : 2 3.2657 8892.892857142857 3.2657 (2015 - 2016)
^ 5470 : 4 6.2951 4788.4807692307695 6.2951 (2017 - )
^ 5492 : 4 3.4395 6552.6578947368425 3.4395 (2017 - )
^ 5553 : 4 7.2139 965.1201550387597 7.2139 (2011 - 2014)
^ 5563 : 5 2.7411 15562.5625 2.7411 (2008 - 2012)
^ 5570 : 4 4.8465 4611.12962962963 4.8465 (2011 - 2014)
^ 5695 : 2 2.8134 11318.227272727272 2.8134 (2015 - 2016)
^ 5768 : 6 3.3823 3192.3205128205127 3.3823 (2007 - 2012)
^ 5785 : 4 5.4396 2349.066037735849 5.4396 (2009 - 2012)
^ 586 : 4 2.9074 15562.5625 2.9074 (2017 - )
^ 587 : 4 2.9074 15562.5625 2.9074 (2017 - )
^ 591 : 3 3.5459 2706.532608695652 3.5459 (2008 - 2010)
^ 6150 : 2 3.2562 7781.28125 3.2562 (2010 - 2011)
^ 6239 : 2 3.7096 6916.694444444444 3.7096 (2013 - 2014)
^ 6243 : 6 3.1058 7781.28125 3.1058 (2008 - 2013)
^ 6250 : 4 2.9569 3890.640625 2.9569 (2009 - 2012)
^ 6353 : 4 3.6396 1915.3923076923077 3.6396 (2010 - 2013)
^ 6474 : 2 3.8708 1976.1984126984128 3.8708 (2011 - 2012)
^ 6494 : 4 3.901 5659.113636363636 3.901 (2008 - 2011)
^ 6580 : 3 3.5459 2706.532608695652 3.5459 (2008 - 2010)
^ 6581 : 3 3.5459 2706.532608695652 3.5459 (2008 - 2010)
^ 6637 : 4 2.7191 12450.05 2.7191 (2011 - 2014)
^ 6655 : 4 3.6228 1753.5281690140846 3.6228 (2017 - )
^ 6671 : 4 3.9552 4293.120689655172 3.9552 (2017 - )
^ 6686 : 4 8.2729 6225.025 8.2729 (2008 - 2011)
^ 6751 : 3 2.7167 12450.05 2.7167 (2009 - 2011)
^ 6786 : 4 3.901 5659.113636363636 3.901 (2008 - 2011)
^ 6787 : 4 3.901 5659.113636363636 3.901 (2008 - 2011)
^ 6799 : 2 6.0351 6916.694444444444 6.0351 (2008 - 2009)
^ 6800 : 2 6.0351 6916.694444444444 6.0351 (2008 - 2009)
^ 6801 : 2 5.3917 7323.558823529412 5.3917 (2008 - 2009)
^ 7070 : 2 5.3917 7323.558823529412 5.3917 (2008 - 2009)
^ 7162 : 2 3.1837 24900.1 3.1837 (2010 - 2011)
^ 7173 : 2 6.4853 11318.227272727272 6.4853 (2011 - 2012)
^ 7174 : 2 2.9478 24900.1 2.9478 (2011 - 2012)
^ 7175 : 2 2.9478 24900.1 2.9478 (2011 - 2012)
^ 7203 : 2 2.8015 24900.1 2.8015 (2012 - 2013)
^ 7217 : 2 4.6275 13833.388888888889 4.6275 (2013 - 2014)
^ 7220 : 2 3.1812 7781.28125 3.1812 (2014 - 2015)
^ 7238 : 2 4.1544 12450.05 4.1544 (2014 - 2015)
^ 7271 : 2 4.2703 9576.961538461539 4.2703 (2015 - 2016)
^ 7272 : 2 2.6726 17785.785714285714 2.6726 (2015 - 2016)
^ 7280 : 2 4.2243 11318.227272727272 4.2243 (2016 - 2017)
^ 7282 : 2 3.0722 15562.5625 3.0722 (2016 - 2017)
^ 733 : 5 4.6435 13833.388888888889 4.6435 (2008 - 2012)
^ 7708 : 3 3.5484 3890.640625 3.5484 (2010 - 2012)
^ 7709 : 3 3.5484 3890.640625 3.5484 (2010 - 2012)
^ 7807 : 5 4.8271 3112.5125 4.8271 (2016 - )
^ 7810 : 2 2.8134 11318.227272727272 2.8134 (2015 - 2016)
^ 7811 : 2 2.8134 11318.227272727272 2.8134 (2015 - 2016)
^ 7822 : 2 2.9633 13833.388888888889 2.9633 (2012 - 2013)
^ 7948 : 2 2.8134 11318.227272727272 2.8134 (2015 - 2016)
^ 7949 : 2 2.8134 11318.227272727272 2.8134 (2015 - 2016)
^ 8058 : 2 5.3917 7323.558823529412 5.3917 (2008 - 2009)
^ 8059 : 2 5.3917 7323.558823529412 5.3917 (2008 - 2009)
^ 8274 : 3 3.2388 10375.041666666666 3.2388 (2012 - 2014)
^ 8303 : 2 2.763 13833.388888888889 2.763 (2016 - 2017)
^ 8587 : 2 3.2831 3890.640625 3.2831 (2013 - 2014)
^ 8691 : 4 2.7191 12450.05 2.7191 (2011 - 2014)
^ 9600 : 4 3.9552 4293.120689655172 3.9552 (2017 - )
^ 9810 : 5 4.8271 3112.5125 4.8271 (2016 - )
^ 9812 : 2 2.8134 11318.227272727272 2.8134 (2015 - 2016)
^ 9818 : 2 3.0962 15562.5625 3.0962 (2012 - 2013)
