^ 10179 : 3 5.8115 7492.384615384615 5.8115 (2013 - 2015)
^ 10284 : 4 3.1184 13914.42857142857 3.1184 (2000 - 2003)
^ 10292 : 2 11.3017 2563.184210526316 11.3017 (2014 - 2015)
^ 10310 : 7 3.6212 2375.6341463414633 3.6212 (2005 - 2011)
^ 10570 : 3 3.3308 12175.125 3.3308 (2007 - 2009)
^ 10651 : 3 3.33 10822.333333333334 3.33 (2013 - 2015)
^ 10699 : 2 3.3172 854.3947368421053 3.3172 (2004 - 2005)
^ 10723 : 5 3.2969 16233.5 3.2969 (2005 - 2009)
^ 10762 : 2 3.3902 1453.7462686567164 3.3902 (2001 - 2002)
^ 10930 : 3 5.3644 8116.75 5.3644 (2013 - 2015)
^ 10953 : 4 4.3664 9740.1 4.3664 (2008 - 2011)
^ 11223 : 2 8.777 6087.5625 8.777 (2007 - 2008)
^ 11233 : 2 3.6924 4870.05 3.6924 (2007 - 2008)
^ 11344 : 4 3.1036 2497.4615384615386 3.1036 (2005 - 2008)
^ 11473 : 5 3.2493 10822.333333333334 3.2493 (2015 - )
^ 11507 : 9 3.6025 3358.655172413793 3.6025 (1999 - 2007)
^ 11675 : 4 3.3161 5126.368421052632 3.3161 (2004 - 2007)
^ 11740 : 6 3.6429 3896.04 3.6429 (1999 - 2004)
^ 11917 : 5 3.0933 6087.5625 3.0933 (2008 - 2012)
^ 11966 : 11 8.9402 2375.6341463414633 8.9402 (2001 - 2011)
^ 12070 : 5 3.1198 7492.384615384615 3.1198 (2008 - 2012)
^ 12258 : 9 3.134 7492.384615384615 3.134 (2002 - 2010)
^ 12324 : 3 3.1877 5411.166666666667 3.1877 (2003 - 2005)
^ 12715 : 2 3.8288 8854.636363636364 3.8288 (2009 - 2010)
^ 12867 : 5 3.344 13914.42857142857 3.344 (2004 - 2008)
^ 1303 : 2 4.238 1316.2297297297298 4.238 (2014 - 2015)
^ 13035 : 4 4.3842 515.3492063492064 4.3842 (1998 - 2001)
^ 13103 : 3 4.7222 9740.1 4.7222 (2009 - 2011)
^ 13106 : 6 7.1738 2213.659090909091 7.1738 (2007 - 2012)
^ 13246 : 2 5.3489 10822.333333333334 5.3489 (2001 - 2002)
^ 13247 : 2 4.6994 13914.42857142857 4.6994 (2001 - 2002)
^ 13268 : 2 81.1859 556.5771428571428 81.1859 (2013 - 2014)
^ 13387 : 4 5.8357 4870.05 5.8357 (2006 - 2009)
^ 13756 : 2 4.5903 10822.333333333334 4.5903 (2010 - 2011)
^ 13757 : 2 4.5903 10822.333333333334 4.5903 (2010 - 2011)
^ 13766 : 7 3.8319 13914.42857142857 3.8319 (2002 - 2008)
^ 13783 : 2 3.8534 13914.42857142857 3.8534 (2013 - 2014)
^ 13855 : 2 4.2235 3141.967741935484 4.2235 (2000 - 2001)
^ 14302 : 5 3.5629 4234.826086956522 3.5629 (2011 - 2015)
^ 14536 : 2 4.7671 2435.025 4.7671 (2010 - 2011)
^ 1500 : 2 4.2613 10822.333333333334 4.2613 (2013 - 2014)
^ 15006 : 2 3.811 16233.5 3.811 (2007 - 2008)
^ 15028 : 3 3.17 5729.470588235294 3.17 (2011 - 2013)
^ 15054 : 3 3.5917 9740.1 3.5917 (2012 - 2014)
^ 15079 : 2 3.5858 3896.04 3.5858 (2010 - 2011)
^ 15153 : 4 3.2732 6087.5625 3.2732 (2016 - )
^ 15431 : 3 3.893 13914.42857142857 3.893 (2001 - 2003)
^ 15649 : 2 4.1918 1432.3676470588234 4.1918 (2008 - 2009)
^ 15869 : 9 3.8272 7492.384615384615 3.8272 (2002 - 2010)
^ 16033 : 2 3.1131 3246.7 3.1131 (2008 - 2009)
^ 16170 : 5 3.5996 8854.636363636364 3.5996 (2008 - 2012)
^ 16375 : 3 4.8899 6957.214285714285 4.8899 (2012 - 2014)
^ 16376 : 3 4.8899 6957.214285714285 4.8899 (2012 - 2014)
^ 16414 : 2 4.2429 6957.214285714285 4.2429 (2009 - 2010)
^ 16471 : 3 3.2985 19480.2 3.2985 (2000 - 2002)
^ 16473 : 2 3.6371 7492.384615384615 3.6371 (2005 - 2006)
^ 16596 : 5 3.3939 5126.368421052632 3.3939 (2015 - )
^ 1664 : 7 4.0168 4870.05 4.0168 (2002 - 2008)
^ 17098 : 3 3.9286 3043.78125 3.9286 (2011 - 2013)
^ 17099 : 12 3.6678 5126.368421052632 3.6678 (2000 - 2011)
^ 17102 : 3 5.2855 4870.05 5.2855 (2009 - 2011)
^ 17454 : 5 5.0895 2497.4615384615386 5.0895 (2006 - 2010)
^ 17525 : 3 3.2276 10822.333333333334 3.2276 (2011 - 2013)
^ 17594 : 4 3.735 10822.333333333334 3.735 (2006 - 2009)
^ 17625 : 3 3.6087 13914.42857142857 3.6087 (2006 - 2008)
^ 17697 : 3 3.9306 2072.3617021276596 3.9306 (2006 - 2008)
^ 17728 : 9 3.3325 5411.166666666667 3.3325 (2001 - 2009)
^ 18399 : 2 4.4913 4234.826086956522 4.4913 (2010 - 2011)
^ 18636 : 2 5.9184 6957.214285714285 5.9184 (2012 - 2013)
^ 18813 : 6 7.9095 5729.470588235294 7.9095 (1998 - 2003)
^ 18818 : 6 3.77 16233.5 3.77 (1998 - 2003)
^ 18877 : 2 4.5987 4427.318181818182 4.5987 (2006 - 2007)
^ 18932 : 2 6.401 8854.636363636364 6.401 (2011 - 2012)
^ 19253 : 2 6.7905 2864.735294117647 6.7905 (2010 - 2011)
^ 19254 : 2 4.5974 4427.318181818182 4.5974 (2010 - 2011)
^ 19313 : 2 7.4726 4058.375 7.4726 (2012 - 2013)
^ 19396 : 6 3.1651 5729.470588235294 3.1651 (2007 - 2012)
^ 19604 : 2 5.4278 9740.1 5.4278 (2008 - 2009)
^ 1963 : 3 3.531 6493.4 3.531 (2011 - 2013)
^ 19714 : 2 3.3507 13914.42857142857 3.3507 (2015 - 2016)
^ 19718 : 4 4.7321 8116.75 4.7321 (2012 - 2015)
^ 19719 : 3 4.9173 8854.636363636364 4.9173 (2013 - 2015)
^ 19742 : 2 6.4756 1391.442857142857 6.4756 (2015 - 2016)
^ 19748 : 2 3.3507 13914.42857142857 3.3507 (2015 - 2016)
^ 19762 : 3 4.9745 8116.75 4.9745 (2002 - 2004)
^ 19809 : 8 4.8265 4234.826086956522 4.8265 (2005 - 2012)
^ 19866 : 2 5.928 2632.4594594594596 5.928 (2015 - 2016)
^ 200 : 2 21.3317 2435.025 21.3317 (2013 - 2014)
^ 20078 : 4 4.7515 6087.5625 4.7515 (2000 - 2003)
^ 20131 : 4 3.3334 5126.368421052632 3.3334 (2012 - 2015)
^ 20329 : 4 3.3417 9740.1 3.3417 (2007 - 2010)
^ 20526 : 3 5.5456 3043.78125 5.5456 (2009 - 2011)
^ 20533 : 2 4.3423 3896.04 4.3423 (2015 - 2016)
^ 20547 : 4 4.6841 8854.636363636364 4.6841 (2009 - 2012)
^ 20567 : 5 6.1857 4234.826086956522 6.1857 (2009 - 2013)
^ 20570 : 7 4.4336 9740.1 4.4336 (2005 - 2011)
^ 20587 : 4 5.8646 3358.655172413793 5.8646 (2010 - 2013)
^ 20597 : 2 4.4839 4427.318181818182 4.4839 (2011 - 2012)
^ 206 : 2 3.8534 13914.42857142857 3.8534 (2013 - 2014)
^ 20616 : 2 4.4437 5126.368421052632 4.4437 (2007 - 2008)
^ 20644 : 2 3.5077 13914.42857142857 3.5077 (2009 - 2010)
^ 20645 : 10 3.7586 7492.384615384615 3.7586 (2002 - 2011)
^ 20661 : 3 4.2849 9740.1 4.2849 (2012 - 2014)
^ 20681 : 3 5.696 2705.5833333333335 5.696 (2013 - 2015)
^ 207 : 2 3.8534 13914.42857142857 3.8534 (2013 - 2014)
^ 20923 : 3 5.8967 1352.7916666666667 5.8967 (2010 - 2012)
^ 21125 : 5 4.1263 2864.735294117647 4.1263 (2005 - 2009)
^ 21139 : 11 3.157 5729.470588235294 3.157 (1998 - 2008)
^ 2119 : 2 4.5725 8116.75 4.5725 (2008 - 2009)
^ 21194 : 4 3.2948 3896.04 3.2948 (2016 - )
^ 21210 : 4 6.0878 4234.826086956522 6.0878 (2016 - )
^ 2128 : 3 3.2491 16233.5 3.2491 (2009 - 2011)
^ 21363 : 2 3.5996 1909.8235294117646 3.5996 (2010 - 2011)
^ 21425 : 4 6.6538 4870.05 6.6538 (2008 - 2011)
^ 21547 : 2 5.72 825.4322033898305 5.72 (2012 - 2013)
^ 22216 : 2 3.8769 12175.125 3.8769 (2012 - 2013)
^ 223 : 2 7.1567 7492.384615384615 7.1567 (2013 - 2014)
^ 22309 : 5 7.2371 4427.318181818182 7.2371 (2005 - 2009)
^ 22356 : 7 4.877 8854.636363636364 4.877 (2005 - 2011)
^ 22414 : 4 3.8133 1232.9240506329113 3.8133 (2003 - 2006)
^ 22434 : 4 5.6033 4058.375 5.6033 (2016 - )
^ 22488 : 2 6.3577 6493.4 6.3577 (2014 - 2015)
^ 22740 : 7 4.1438 9740.1 4.1438 (2004 - 2010)
^ 2275 : 6 3.3224 12175.125 3.3224 (2005 - 2010)
^ 22922 : 5 4.0625 10822.333333333334 4.0625 (2002 - 2006)
^ 23064 : 3 4.2673 7492.384615384615 4.2673 (2009 - 2011)
^ 23232 : 5 4.5329 6087.5625 4.5329 (2012 - 2016)
^ 23257 : 2 3.4147 12175.125 3.4147 (2009 - 2010)
^ 2378 : 2 7.422 6087.5625 7.422 (2013 - 2014)
^ 23843 : 4 5.3601 5126.368421052632 5.3601 (2016 - )
^ 23931 : 4 7.9369 695.7214285714285 7.9369 (2002 - 2005)
^ 23991 : 2 14.3009 455.1448598130841 14.3009 (2005 - 2006)
^ 24070 : 2 4.25 6493.4 4.25 (2005 - 2006)
^ 24079 : 2 8.8448 1739.3035714285713 8.8448 (2005 - 2006)
^ 2419 : 3 3.2276 10822.333333333334 3.2276 (2011 - 2013)
^ 24191 : 4 5.1264 7492.384615384615 5.1264 (2012 - 2015)
^ 24271 : 9 5.144 4427.318181818182 5.144 (2002 - 2010)
^ 24353 : 2 5.9289 10822.333333333334 5.9289 (2003 - 2004)
^ 24389 : 2 4.1011 6087.5625 4.1011 (2014 - 2015)
^ 24674 : 2 3.402 4427.318181818182 3.402 (2003 - 2004)
^ 24678 : 4 3.2832 6087.5625 3.2832 (2010 - 2013)
^ 24742 : 2 3.4675 766.9370078740158 3.4675 (2001 - 2002)
^ 2477 : 2 5.0511 8116.75 5.0511 (2015 - 2016)
^ 24830 : 5 5.3513 8854.636363636364 5.3513 (2005 - 2009)
^ 24921 : 2 3.3507 13914.42857142857 3.3507 (2015 - 2016)
^ 25175 : 4 3.5592 6087.5625 3.5592 (2006 - 2009)
^ 25179 : 3 3.7979 2497.4615384615386 3.7979 (2005 - 2007)
^ 25272 : 3 3.7403 9740.1 3.7403 (2011 - 2013)
^ 25519 : 7 3.282 2319.0714285714284 3.282 (2010 - 2016)
^ 2571 : 2 3.9181 16233.5 3.9181 (2005 - 2006)
^ 25716 : 4 3.975 3478.6071428571427 3.975 (2004 - 2007)
^ 25768 : 8 3.5145 10822.333333333334 3.5145 (2003 - 2010)
^ 26065 : 4 4.5282 3141.967741935484 4.5282 (2016 - )
^ 26130 : 5 5.8435 1909.8235294117646 5.8435 (2005 - 2009)
^ 2617 : 3 4.419 2213.659090909091 4.419 (2009 - 2011)
^ 26370 : 5 3.8184 13914.42857142857 3.8184 (1998 - 2002)
^ 26555 : 4 3.2756 10822.333333333334 3.2756 (2005 - 2008)
^ 26664 : 4 3.9521 6087.5625 3.9521 (2001 - 2004)
^ 26720 : 13 3.3051 10822.333333333334 3.3051 (1999 - 2011)
^ 27228 : 6 3.6332 9740.1 3.6332 (2005 - 2010)
^ 27246 : 5 5.0818 2632.4594594594596 5.0818 (2005 - 2009)
^ 27316 : 2 4.4326 9740.1 4.4326 (2011 - 2012)
^ 27433 : 5 3.2225 19480.2 3.2225 (1998 - 2002)
^ 27509 : 4 4.0669 12175.125 4.0669 (2005 - 2008)
^ 27602 : 2 5.9754 3141.967741935484 5.9754 (2013 - 2014)
^ 27701 : 4 3.2572 1159.5357142857142 3.2572 (1998 - 2001)
^ 28169 : 5 4.4802 6493.4 4.4802 (2007 - 2011)
^ 28170 : 4 4.0476 12175.125 4.0476 (2008 - 2011)
^ 28198 : 4 3.9107 12175.125 3.9107 (2009 - 2012)
^ 28208 : 5 4.4532 5126.368421052632 4.4532 (2008 - 2012)
^ 28209 : 5 4.4532 5126.368421052632 4.4532 (2008 - 2012)
^ 28211 : 2 3.3666 6957.214285714285 3.3666 (2010 - 2011)
^ 28303 : 2 4.9802 3246.7 4.9802 (2011 - 2012)
^ 28330 : 2 3.8944 13914.42857142857 3.8944 (2004 - 2005)
^ 28531 : 12 3.4066 12175.125 3.4066 (1999 - 2010)
^ 28673 : 5 5.0248 10822.333333333334 5.0248 (1999 - 2003)
^ 28718 : 2 3.7485 3141.967741935484 3.7485 (2015 - 2016)
^ 28720 : 2 3.1859 8854.636363636364 3.1859 (2015 - 2016)
^ 29011 : 2 3.0974 16233.5 3.0974 (2014 - 2015)
^ 29106 : 7 6.9711 4234.826086956522 6.9711 (2001 - 2007)
^ 29441 : 5 4.2457 12175.125 4.2457 (2001 - 2005)
^ 29477 : 2 3.7641 5411.166666666667 3.7641 (2015 - 2016)
^ 29576 : 7 3.6212 2375.6341463414633 3.6212 (2005 - 2011)
^ 29577 : 7 3.6212 2375.6341463414633 3.6212 (2005 - 2011)
^ 29740 : 2 5.5909 8854.636363636364 5.5909 (2012 - 2013)
^ 29829 : 2 5.8307 1521.890625 5.8307 (2009 - 2010)
^ 3004 : 4 7.9086 5729.470588235294 7.9086 (2008 - 2011)
^ 30048 : 4 3.5822 7492.384615384615 3.5822 (2009 - 2012)
^ 30218 : 2 4.6994 13914.42857142857 4.6994 (2001 - 2002)
^ 3041 : 9 3.187 4427.318181818182 3.187 (1999 - 2007)
^ 30426 : 2 4.1985 5126.368421052632 4.1985 (2003 - 2004)
^ 30550 : 4 3.8767 5729.470588235294 3.8767 (2005 - 2008)
^ 30595 : 10 3.2481 7492.384615384615 3.2481 (2004 - 2013)
^ 30743 : 2 3.5077 13914.42857142857 3.5077 (2009 - 2010)
^ 30783 : 2 3.4276 16233.5 3.4276 (2012 - 2013)
^ 30784 : 2 3.4276 16233.5 3.4276 (2012 - 2013)
^ 30879 : 11 3.3811 7492.384615384615 3.3811 (1999 - 2009)
^ 31202 : 5 4.02 4638.142857142857 4.02 (2006 - 2010)
^ 31205 : 5 3.4788 12175.125 3.4788 (2006 - 2010)
^ 31761 : 5 3.5534 3896.04 3.5534 (2010 - 2014)
^ 32077 : 2 3.8294 12175.125 3.8294 (2015 - 2016)
^ 32109 : 4 8.1477 3896.04 8.1477 (2016 - )
^ 32203 : 3 3.6469 10822.333333333334 3.6469 (2014 - 2016)
^ 32297 : 2 3.5714 1739.3035714285713 3.5714 (2012 - 2013)
^ 32363 : 5 3.2294 8854.636363636364 3.2294 (2009 - 2013)
^ 32374 : 2 3.3413 5126.368421052632 3.3413 (2006 - 2007)
^ 32447 : 2 3.548 6957.214285714285 3.548 (2013 - 2014)
^ 32639 : 3 4.3203 6957.214285714285 4.3203 (2001 - 2003)
^ 32656 : 8 7.0308 4234.826086956522 7.0308 (1999 - 2006)
^ 32660 : 7 3.3938 12175.125 3.3938 (1999 - 2005)
^ 32834 : 4 5.9751 1475.7727272727273 5.9751 (2007 - 2010)
^ 33205 : 2 4.1011 6087.5625 4.1011 (2014 - 2015)
^ 33242 : 2 4.7376 5411.166666666667 4.7376 (2012 - 2013)
^ 33503 : 5 5.408 3896.04 5.408 (2004 - 2008)
^ 33549 : 3 6.5915 1173.5060240963855 6.5915 (2005 - 2007)
^ 33746 : 7 4.4428 4638.142857142857 4.4428 (2008 - 2014)
^ 33748 : 5 4.0264 6493.4 4.0264 (2008 - 2012)
^ 33749 : 5 4.0264 6493.4 4.0264 (2008 - 2012)
^ 33832 : 3 3.4876 6087.5625 3.4876 (2008 - 2010)
^ 33987 : 2 3.1257 10822.333333333334 3.1257 (2004 - 2005)
^ 34006 : 7 3.8777 6493.4 3.8777 (2005 - 2011)
^ 34184 : 9 3.527 4427.318181818182 3.527 (1998 - 2006)
^ 34424 : 2 3.3172 854.3947368421053 3.3172 (2004 - 2005)
^ 34435 : 2 3.3407 2435.025 3.3407 (2004 - 2005)
^ 34464 : 8 6.8566 1873.0961538461538 6.8566 (2004 - 2011)
^ 34709 : 5 4.145 4234.826086956522 4.145 (2015 - )
^ 34786 : 2 3.9627 2117.413043478261 3.9627 (2003 - 2004)
^ 34952 : 6 3.3224 12175.125 3.3224 (2005 - 2010)
^ 35005 : 3 3.8645 2213.659090909091 3.8645 (2003 - 2005)
^ 35117 : 4 3.1741 13914.42857142857 3.1741 (1999 - 2002)
^ 3512 : 2 3.6519 1453.7462686567164 3.6519 (2015 - 2016)
^ 35193 : 2 4.028 16233.5 4.028 (2001 - 2002)
^ 35240 : 4 10.2398 2213.659090909091 10.2398 (2005 - 2008)
^ 35254 : 3 4.4703 9740.1 4.4703 (2013 - 2015)
^ 35255 : 3 4.4703 9740.1 4.4703 (2013 - 2015)
^ 35471 : 8 6.0355 2164.4666666666667 6.0355 (2007 - 2014)
^ 35474 : 6 3.7836 8116.75 3.7836 (2007 - 2012)
^ 35553 : 7 6.9716 1475.7727272727273 6.9716 (2004 - 2010)
^ 35597 : 3 3.2064 2705.5833333333335 3.2064 (2011 - 2013)
^ 35705 : 3 4.7666 2864.735294117647 4.7666 (2014 - 2016)
^ 3574 : 9 3.4037 4234.826086956522 3.4037 (1998 - 2006)
^ 36169 : 4 3.7233 8854.636363636364 3.7233 (2016 - )
^ 3622 : 3 3.2491 16233.5 3.2491 (2009 - 2011)
^ 36511 : 5 3.4267 1232.9240506329113 3.4267 (2003 - 2007)
^ 36553 : 3 3.3793 8116.75 3.3793 (2011 - 2013)
^ 36568 : 5 3.3332 6493.4 3.3332 (2008 - 2012)
^ 36632 : 3 4.0725 8116.75 4.0725 (2011 - 2013)
^ 36887 : 3 3.0939 10822.333333333334 3.0939 (2012 - 2014)
^ 36904 : 2 3.4004 9740.1 3.4004 (2015 - 2016)
^ 37283 : 8 5.8875 1546.047619047619 5.8875 (2003 - 2010)
^ 37394 : 5 4.097 1596.7377049180327 4.097 (1999 - 2003)
^ 3750 : 2 3.9988 13914.42857142857 3.9988 (2012 - 2013)
^ 37603 : 7 4.2756 3141.967741935484 4.2756 (2000 - 2006)
^ 3768 : 12 4.1588 4058.375 4.1588 (2000 - 2011)
^ 37710 : 5 3.2223 6957.214285714285 3.2223 (2004 - 2008)
^ 37728 : 2 3.5697 2265.139534883721 3.5697 (2013 - 2014)
^ 37766 : 10 3.2621 5729.470588235294 3.2621 (2002 - 2011)
^ 37774 : 4 3.4142 16233.5 3.4142 (2006 - 2009)
^ 37980 : 6 4.48 6957.214285714285 4.48 (1999 - 2004)
^ 38042 : 5 3.344 13914.42857142857 3.344 (2004 - 2008)
^ 38056 : 4 4.6852 2072.3617021276596 4.6852 (2007 - 2010)
^ 38068 : 6 3.2879 1453.7462686567164 3.2879 (2006 - 2011)
^ 38154 : 3 6.9531 4058.375 6.9531 (2014 - 2016)
^ 38157 : 2 7.376 4638.142857142857 7.376 (2014 - 2015)
^ 38194 : 2 3.8534 13914.42857142857 3.8534 (2013 - 2014)
^ 38256 : 4 3.8152 2497.4615384615386 3.8152 (2009 - 2012)
^ 38524 : 9 4.02 5411.166666666667 4.02 (1998 - 2006)
^ 38532 : 2 5.2115 4427.318181818182 5.2115 (1998 - 1999)
^ 38557 : 9 3.1458 8116.75 3.1458 (2001 - 2009)
^ 38566 : 2 6.7978 2072.3617021276596 6.7978 (2010 - 2011)
^ 38867 : 3 3.9205 10822.333333333334 3.9205 (2007 - 2009)
^ 38872 : 10 4.8365 6087.5625 4.8365 (1999 - 2008)
^ 38979 : 2 4.4976 432.8933333333333 4.4976 (2002 - 2003)
^ 38997 : 2 3.9988 13914.42857142857 3.9988 (2012 - 2013)
^ 38998 : 2 3.9988 13914.42857142857 3.9988 (2012 - 2013)
^ 39070 : 3 4.0456 2435.025 4.0456 (2010 - 2012)
^ 39183 : 5 5.7559 1770.9272727272728 5.7559 (2003 - 2007)
^ 39229 : 5 3.4009 9740.1 3.4009 (2001 - 2005)
^ 39308 : 4 3.8116 13914.42857142857 3.8116 (2000 - 2003)
^ 39326 : 5 7.6241 8116.75 7.6241 (1999 - 2003)
^ 39339 : 6 8.7971 6957.214285714285 8.7971 (1998 - 2003)
^ 3953 : 3 5.6587 384.9841897233202 5.6587 (2005 - 2007)
^ 39694 : 3 4.0725 8116.75 4.0725 (2011 - 2013)
^ 39769 : 2 3.7108 12175.125 3.7108 (2013 - 2014)
^ 3981 : 2 3.1125 3246.7 3.1125 (2007 - 2008)
^ 40057 : 7 3.4258 8116.75 3.4258 (2001 - 2007)
^ 40178 : 3 3.2276 10822.333333333334 3.2276 (2011 - 2013)
^ 40181 : 5 9.9702 2951.5454545454545 9.9702 (2003 - 2007)
^ 40272 : 3 6.456 9740.1 6.456 (2002 - 2004)
^ 40367 : 4 4.1509 4234.826086956522 4.1509 (2007 - 2010)
^ 40444 : 7 5.8513 9740.1 5.8513 (2000 - 2006)
^ 40456 : 5 3.2225 19480.2 3.2225 (1998 - 2002)
^ 40617 : 5 3.3122 2265.139534883721 3.3122 (2004 - 2008)
^ 40681 : 2 3.9988 13914.42857142857 3.9988 (2012 - 2013)
^ 40765 : 6 3.1472 9740.1 3.1472 (2008 - 2013)
^ 40980 : 2 3.1577 2563.184210526316 3.1577 (2008 - 2009)
^ 41073 : 6 5.5737 2072.3617021276596 5.5737 (2008 - 2013)
^ 41078 : 5 8.509 1873.0961538461538 8.509 (2007 - 2011)
^ 41085 : 5 4.0529 8116.75 4.0529 (2008 - 2012)
^ 4119 : 2 3.5848 6493.4 3.5848 (2014 - 2015)
^ 41273 : 2 4.9967 2951.5454545454545 4.9967 (2013 - 2014)
^ 41336 : 5 3.9003 3607.4444444444443 3.9003 (2015 - )
^ 41341 : 5 4.1506 3896.04 4.1506 (2015 - )
^ 41415 : 11 6.0495 4638.142857142857 6.0495 (2001 - 2011)
^ 41442 : 5 3.2969 16233.5 3.2969 (2005 - 2009)
^ 41479 : 2 4.5885 3896.04 4.5885 (2014 - 2015)
^ 41620 : 9 4.0508 10822.333333333334 4.0508 (2000 - 2008)
^ 41790 : 3 4.3329 8116.75 4.3329 (2010 - 2012)
^ 41963 : 5 3.2973 2375.6341463414633 3.2973 (2012 - 2016)
^ 41965 : 5 4.4668 3478.6071428571427 4.4668 (2012 - 2016)
^ 42058 : 6 3.7951 3607.4444444444443 3.7951 (1998 - 2003)
^ 42111 : 8 4.0295 5126.368421052632 4.0295 (1999 - 2006)
^ 42179 : 8 4.5839 2029.1875 4.5839 (2006 - 2013)
^ 42210 : 6 3.4808 2864.735294117647 3.4808 (2011 - 2016)
^ 42235 : 5 9.1181 1521.890625 9.1181 (2006 - 2010)
^ 42237 : 7 3.2314 6493.4 3.2314 (2000 - 2006)
^ 42569 : 7 3.9193 5729.470588235294 3.9193 (1999 - 2005)
^ 427 : 2 4.0032 12175.125 4.0032 (2010 - 2011)
^ 42996 : 3 3.6397 8116.75 3.6397 (2010 - 2012)
^ 43015 : 13 5.2491 3607.4444444444443 5.2491 (2000 - 2012)
^ 43037 : 2 3.7982 7492.384615384615 3.7982 (2008 - 2009)
^ 43041 : 3 3.0939 10822.333333333334 3.0939 (2012 - 2014)
^ 43064 : 5 3.3137 8116.75 3.3137 (2010 - 2014)
^ 43437 : 10 3.5409 10822.333333333334 3.5409 (1998 - 2007)
^ 43462 : 6 3.1972 8854.636363636364 3.1972 (2000 - 2005)
^ 43591 : 10 3.5161 8854.636363636364 3.5161 (2001 - 2010)
^ 4368 : 5 3.2969 16233.5 3.2969 (2005 - 2009)
^ 43691 : 2 3.6646 8116.75 3.6646 (2015 - 2016)
^ 43732 : 2 3.1362 12175.125 3.1362 (2015 - 2016)
^ 43818 : 2 3.1775 5411.166666666667 3.1775 (2009 - 2010)
^ 43866 : 4 4.5161 4427.318181818182 4.5161 (2009 - 2012)
^ 43936 : 4 3.2527 16233.5 3.2527 (2007 - 2010)
^ 43985 : 4 3.1849 3358.655172413793 3.1849 (2016 - )
^ 44088 : 4 3.57 16233.5 3.57 (2005 - 2008)
^ 4410 : 3 4.9781 9740.1 4.9781 (2012 - 2014)
^ 44243 : 4 3.9647 3896.04 3.9647 (2016 - )
^ 44282 : 2 3.3507 13914.42857142857 3.3507 (2015 - 2016)
^ 44289 : 4 4.3301 13914.42857142857 4.3301 (2003 - 2006)
^ 44303 : 3 4.9173 8854.636363636364 4.9173 (2013 - 2015)
^ 44410 : 3 3.142 16233.5 3.142 (2003 - 2005)
^ 44815 : 2 3.3898 19480.2 3.3898 (1998 - 1999)
^ 45074 : 12 3.8231 4427.318181818182 3.8231 (1999 - 2010)
^ 45077 : 4 3.1016 13914.42857142857 3.1016 (2007 - 2010)
^ 45226 : 2 3.5641 2497.4615384615386 3.5641 (2012 - 2013)
^ 45375 : 7 3.585 16233.5 3.585 (1999 - 2005)
^ 459 : 6 3.2914 5729.470588235294 3.2914 (2003 - 2008)
^ 45902 : 2 3.2454 7492.384615384615 3.2454 (2014 - 2015)
^ 45958 : 3 3.5886 13914.42857142857 3.5886 (2011 - 2013)
^ 45981 : 5 3.2117 3746.1923076923076 3.2117 (2004 - 2008)
^ 46066 : 4 7.496 2164.4666666666667 7.496 (2013 - 2016)
^ 46251 : 9 3.6035 6957.214285714285 3.6035 (1999 - 2007)
^ 46539 : 4 3.5945 2864.735294117647 3.5945 (2005 - 2008)
^ 46560 : 4 3.9035 1132.5697674418604 3.9035 (2016 - )
^ 46740 : 5 3.7159 2072.3617021276596 3.7159 (2006 - 2010)
^ 46863 : 2 4.1513 1145.894117647059 4.1513 (2010 - 2011)
^ 46882 : 2 3.1561 10822.333333333334 3.1561 (2003 - 2004)
^ 47049 : 2 5.6957 576.3372781065088 5.6957 (2005 - 2006)
^ 47069 : 2 4.8156 1391.442857142857 4.8156 (2005 - 2006)
^ 47162 : 5 3.5716 8854.636363636364 3.5716 (2004 - 2008)
^ 47230 : 7 5.7792 1570.983870967742 5.7792 (2000 - 2006)
^ 47244 : 2 3.5169 8116.75 3.5169 (2011 - 2012)
^ 47316 : 5 3.2235 9740.1 3.2235 (2010 - 2014)
^ 47318 : 2 4.9652 8116.75 4.9652 (2010 - 2011)
^ 47329 : 2 5.0926 1948.02 5.0926 (2010 - 2011)
^ 47364 : 9 3.6038 10822.333333333334 3.6038 (1999 - 2007)
^ 47378 : 2 3.6137 13914.42857142857 3.6137 (2014 - 2015)
^ 47436 : 2 4.9135 3141.967741935484 4.9135 (2014 - 2015)
^ 47456 : 4 3.3545 12175.125 3.3545 (2008 - 2011)
^ 47465 : 2 3.9921 1837.754716981132 3.9921 (2002 - 2003)
^ 47466 : 2 4.4125 6493.4 4.4125 (2002 - 2003)
^ 47542 : 4 3.8842 8116.75 3.8842 (2011 - 2014)
^ 47575 : 4 3.2515 13914.42857142857 3.2515 (2016 - )
^ 47624 : 2 3.2309 5729.470588235294 3.2309 (2014 - 2015)
^ 47661 : 4 3.6184 2375.6341463414633 3.6184 (2016 - )
^ 47690 : 4 3.7724 8854.636363636364 3.7724 (2005 - 2008)
^ 47719 : 3 3.2245 6087.5625 3.2245 (2004 - 2006)
^ 47732 : 6 3.2876 4234.826086956522 3.2876 (2008 - 2013)
^ 47773 : 9 3.3363 3246.7 3.3363 (2000 - 2008)
^ 47782 : 4 6.2996 3607.4444444444443 6.2996 (2013 - 2016)
^ 47788 : 3 3.4857 6957.214285714285 3.4857 (2013 - 2015)
^ 47801 : 2 3.8294 12175.125 3.8294 (2015 - 2016)
^ 48068 : 4 3.7575 4870.05 3.7575 (2010 - 2013)
^ 48413 : 2 3.265 19480.2 3.265 (2005 - 2006)
^ 48489 : 2 3.8022 5411.166666666667 3.8022 (1999 - 2000)
^ 48545 : 8 4.324 2951.5454545454545 4.324 (2004 - 2011)
^ 48813 : 2 5.9289 10822.333333333334 5.9289 (2003 - 2004)
^ 48814 : 2 5.9289 10822.333333333334 5.9289 (2003 - 2004)
^ 48876 : 4 4.1878 8116.75 4.1878 (2016 - )
^ 49250 : 2 3.1859 8854.636363636364 3.1859 (2015 - 2016)
^ 49307 : 4 3.5417 13914.42857142857 3.5417 (2008 - 2011)
^ 49308 : 4 3.5417 13914.42857142857 3.5417 (2008 - 2011)
^ 49350 : 4 4.3921 9740.1 4.3921 (2011 - 2014)
^ 49354 : 4 6.4991 3358.655172413793 6.4991 (2011 - 2014)
^ 49368 : 3 3.5886 13914.42857142857 3.5886 (2011 - 2013)
^ 49371 : 9 4.2458 8116.75 4.2458 (2000 - 2008)
^ 49422 : 2 4.3081 10822.333333333334 4.3081 (2015 - 2016)
^ 49435 : 4 5.7658 4234.826086956522 5.7658 (2004 - 2007)
^ 49474 : 2 3.3507 13914.42857142857 3.3507 (2015 - 2016)
^ 49613 : 2 3.9537 6493.4 3.9537 (2010 - 2011)
^ 49623 : 2 4.4482 10822.333333333334 4.4482 (2012 - 2013)
^ 49682 : 2 5.8229 8854.636363636364 5.8229 (2004 - 2005)
^ 497 : 2 4.6469 13914.42857142857 4.6469 (2002 - 2003)
^ 49775 : 2 11.7092 1546.047619047619 11.7092 (2011 - 2012)
^ 498 : 2 4.6469 13914.42857142857 4.6469 (2002 - 2003)
^ 4989 : 3 3.2276 10822.333333333334 3.2276 (2011 - 2013)
^ 500 : 2 3.3192 19480.2 3.3192 (2002 - 2003)
^ 503 : 3 6.3922 9740.1 6.3922 (2003 - 2005)
^ 5104 : 6 4.6529 4638.142857142857 4.6529 (2014 - )
^ 514 : 2 9.1427 6957.214285714285 9.1427 (2005 - 2006)
^ 517 : 2 5.2242 12175.125 5.2242 (2005 - 2006)
^ 5172 : 4 3.4218 13914.42857142857 3.4218 (2009 - 2012)
^ 5217 : 6 3.8244 10822.333333333334 3.8244 (2005 - 2010)
^ 525 : 3 7.9896 7492.384615384615 7.9896 (2006 - 2008)
^ 526 : 2 4.5509 13914.42857142857 4.5509 (2006 - 2007)
^ 527 : 2 3.1758 19480.2 3.1758 (2007 - 2008)
^ 5312 : 2 3.1362 12175.125 3.1362 (2015 - 2016)
^ 532 : 3 5.8966 9740.1 5.8966 (2007 - 2009)
^ 533 : 2 3.811 16233.5 3.811 (2007 - 2008)
^ 5392 : 3 4.9589 1650.864406779661 4.9589 (2000 - 2002)
^ 540 : 3 7.9042 6957.214285714285 7.9042 (2008 - 2010)
^ 541 : 3 3.3873 16233.5 3.3873 (2008 - 2010)
^ 542 : 2 4.2846 13914.42857142857 4.2846 (2008 - 2009)
^ 552 : 2 9.6026 6087.5625 9.6026 (2009 - 2010)
^ 553 : 2 4.801 12175.125 4.801 (2009 - 2010)
^ 5568 : 4 3.4874 10822.333333333334 3.4874 (2016 - )
^ 561 : 2 6.4577 8854.636363636364 6.4577 (2010 - 2011)
^ 563 : 2 3.5223 16233.5 3.5223 (2010 - 2011)
^ 5642 : 2 4.2846 13914.42857142857 4.2846 (2008 - 2009)
^ 5644 : 2 3.6725 16233.5 3.6725 (2008 - 2009)
^ 5712 : 4 3.3599 9740.1 3.3599 (2013 - 2016)
^ 573 : 2 15.7133 3607.4444444444443 15.7133 (2011 - 2012)
^ 574 : 2 8.1469 6957.214285714285 8.1469 (2011 - 2012)
^ 576 : 2 5.819 9740.1 5.819 (2011 - 2012)
^ 586 : 2 10.2836 5411.166666666667 10.2836 (2012 - 2013)
^ 5865 : 7 3.7226 3607.4444444444443 3.7226 (2001 - 2007)
^ 587 : 2 5.1414 10822.333333333334 5.1414 (2012 - 2013)
^ 588 : 2 3.9988 13914.42857142857 3.9988 (2012 - 2013)
^ 5885 : 3 3.3047 3746.1923076923076 3.3047 (2013 - 2015)
^ 603 : 2 13.2135 4058.375 13.2135 (2013 - 2014)
^ 6033 : 6 3.3144 3607.4444444444443 3.3144 (2007 - 2012)
^ 604 : 2 3.8534 13914.42857142857 3.8534 (2013 - 2014)
^ 606 : 2 6.6061 8116.75 6.6061 (2013 - 2014)
^ 6061 : 6 3.3891 3043.78125 3.3891 (2007 - 2012)
^ 6095 : 2 3.9218 9740.1 3.9218 (2009 - 2010)
^ 6138 : 7 3.2298 1521.890625 3.2298 (2004 - 2010)
^ 614 : 2 16.0064 3141.967741935484 16.0064 (2014 - 2015)
^ 6144 : 4 3.6834 6493.4 3.6834 (2006 - 2009)
^ 615 : 2 7.2278 6957.214285714285 7.2278 (2014 - 2015)
^ 618 : 2 6.7115 7492.384615384615 6.7115 (2014 - 2015)
^ 632 : 2 14.1481 3141.967741935484 14.1481 (2015 - 2016)
^ 633 : 2 4.3081 10822.333333333334 4.3081 (2015 - 2016)
^ 636 : 2 6.0085 6957.214285714285 6.0085 (2015 - 2016)
^ 6435 : 2 6.5636 4427.318181818182 6.5636 (2011 - 2012)
^ 646 : 4 16.7256 2705.5833333333335 16.7256 (2016 - )
^ 647 : 4 4.6451 9740.1 4.6451 (2016 - )
^ 650 : 4 9.2909 4870.05 9.2909 (2016 - )
^ 655 : 4 3.716 12175.125 3.716 (2016 - )
^ 656 : 4 3.2515 13914.42857142857 3.2515 (2016 - )
^ 6587 : 7 3.6601 10822.333333333334 3.6601 (2004 - 2010)
^ 6595 : 3 3.7907 13914.42857142857 3.7907 (2009 - 2011)
^ 6650 : 5 9.4082 710.956204379562 9.4082 (2007 - 2011)
^ 6759 : 6 3.5565 6493.4 3.5565 (2003 - 2008)
^ 6869 : 2 4.25 4427.318181818182 4.25 (2012 - 2013)
^ 6885 : 4 3.4304 6493.4 3.4304 (2008 - 2011)
^ 7008 : 2 4.13 12175.125 4.13 (2014 - 2015)
^ 7009 : 2 4.13 12175.125 4.13 (2014 - 2015)
^ 7010 : 2 4.13 12175.125 4.13 (2014 - 2015)
^ 7281 : 4 3.7882 2563.184210526316 3.7882 (2016 - )
^ 731 : 4 3.3191 4234.826086956522 3.3191 (2008 - 2011)
^ 7423 : 4 3.2432 6087.5625 3.2432 (2008 - 2011)
^ 7445 : 2 3.8793 8116.75 3.8793 (2008 - 2009)
^ 7575 : 2 8.7521 910.2897196261682 8.7521 (2010 - 2011)
^ 7582 : 3 3.7907 13914.42857142857 3.7907 (2009 - 2011)
^ 7583 : 3 3.2491 16233.5 3.2491 (2009 - 2011)
^ 7694 : 4 3.593 2319.0714285714284 3.593 (2010 - 2013)
^ 7816 : 4 9.3573 3358.655172413793 9.3573 (2012 - 2015)
^ 7871 : 2 3.7108 12175.125 3.7108 (2013 - 2014)
^ 8598 : 7 3.4794 4427.318181818182 3.4794 (2006 - 2012)
^ 8613 : 2 3.3045 2435.025 3.3045 (2013 - 2014)
^ 9490 : 6 4.1894 1837.754716981132 4.1894 (1998 - 2003)
^ 9732 : 2 5.334 1232.9240506329113 5.334 (2004 - 2005)
^ 9747 : 2 3.202 3896.04 3.202 (2014 - 2015)
^ 9769 : 8 4.2973 8854.636363636364 4.2973 (2005 - 2012)
^ 9776 : 12 5.1688 4870.05 5.1688 (1998 - 2009)
^ 9924 : 6 4.3841 2319.0714285714284 4.3841 (2002 - 2007)
^ 9944 : 3 3.1053 8854.636363636364 3.1053 (2010 - 2012)
