^ 120 : 4 4.0669 66.38333333333334 4.0669 (2006 - 2009)
^ 127 : 3 3.6468 221.27777777777777 3.6468 (2014 - 2016)
^ 135 : 5 8.5452 153.19230769230768 8.5452 (2001 - 2005)
^ 138 : 2 3.5075 284.5 3.5075 (2015 - 2016)
^ 150 : 6 6.6902 25.863636363636363 6.6902 (2001 - 2006)
^ 163 : 4 5.6304 124.46875 5.6304 (2016 - )
^ 168 : 3 4.0906 248.9375 4.0906 (2008 - 2010)
^ 171 : 6 4.0862 110.63888888888889 4.0862 (2005 - 2010)
^ 179 : 3 3.1412 117.1470588235294 3.1412 (2008 - 2010)
^ 20 : 6 4.0362 142.25 4.0362 (2014 - )
^ 211 : 5 6.1574 99.575 6.1574 (2010 - 2014)
^ 214 : 2 3.6097 284.5 3.6097 (2014 - 2015)
^ 216 : 3 3.2309 284.5 3.2309 (2012 - 2014)
^ 228 : 2 3.5113 132.76666666666668 3.5113 (2012 - 2013)
^ 231 : 5 5.2283 117.1470588235294 5.2283 (2010 - 2014)
^ 233 : 4 3.2691 132.76666666666668 3.2691 (2010 - 2013)
^ 236 : 5 3.221 165.95833333333334 3.221 (2015 - )
^ 237 : 2 3.6784 82.97916666666667 3.6784 (2012 - 2013)
^ 24 : 3 3.2291 199.15 3.2291 (2012 - 2014)
^ 240 : 4 4.2169 165.95833333333334 4.2169 (2016 - )
^ 242 : 6 4.4321 110.63888888888889 4.4321 (2009 - 2014)
^ 251 : 2 3.239 165.95833333333334 3.239 (2015 - 2016)
^ 26 : 4 4.3735 199.15 4.3735 (2008 - 2011)
^ 293 : 3 3.6938 248.9375 3.6938 (2012 - 2014)
^ 334 : 7 3.4416 110.63888888888889 3.4416 (2005 - 2011)
^ 335 : 4 3.2634 165.95833333333334 3.2634 (2011 - 2014)
^ 34 : 5 5.1522 117.1470588235294 5.1522 (2015 - )
^ 344 : 3 3.6579 86.58695652173913 3.6579 (2001 - 2003)
^ 373 : 5 3.1252 90.52272727272727 3.1252 (2012 - 2016)
^ 402 : 5 3.4875 153.19230769230768 3.4875 (2015 - )
^ 43 : 7 6.8604 27.28082191780822 6.8604 (2001 - 2007)
^ 49 : 3 3.101 284.5 3.101 (2005 - 2007)
^ 54 : 5 6.0762 32.64754098360656 6.0762 (2001 - 2005)
^ 77 : 2 3.2409 331.9166666666667 3.2409 (2013 - 2014)
^ 80 : 4 3.8862 132.76666666666668 3.8862 (1999 - 2002)
^ 93 : 5 4.8416 110.63888888888889 4.8416 (2015 - )
